2025-05-01 10:58:20,657 - __main__ - INFO - Starting bot...
2025-05-01 10:58:21,696 - httpx - INFO - HTTP Request: POST https://api.telegram.org/bot8067304564:AAG-18-z5D_A_wyRod7A1WlSTxFVMZZVMB4/getMe "HTTP/1.1 200 OK"
2025-05-01 10:58:21,697 - telegram.ext.Application - INFO - Application started
2025-05-01 10:58:21,697 - __main__ - INFO - Bot is starting polling...
2025-05-01 10:58:21,875 - httpx - INFO - HTTP Request: POST https://api.telegram.org/bot8067304564:AAG-18-z5D_A_wyRod7A1WlSTxFVMZZVMB4/deleteWebhook "HTTP/1.1 200 OK"
2025-05-01 10:58:22,387 - httpx - INFO - HTTP Request: POST https://api.telegram.org/bot8067304564:AAG-18-z5D_A_wyRod7A1WlSTxFVMZZVMB4/getUpdates "HTTP/1.1 200 OK"
2025-05-01 10:58:32,562 - httpx - INFO - HTTP Request: POST https://api.telegram.org/bot8067304564:AAG-18-z5D_A_wyRod7A1WlSTxFVMZZVMB4/getUpdates "HTTP/1.1 200 OK"
2025-05-01 10:58:39,740 - httpx - INFO - HTTP Request: POST https://api.telegram.org/bot8067304564:AAG-18-z5D_A_wyRod7A1WlSTxFVMZZVMB4/getUpdates "HTTP/1.1 200 OK"
2025-05-01 10:58:39,741 - __main__ - INFO - /start command received from admin.
2025-05-01 10:58:40,471 - httpx - INFO - HTTP Request: POST https://api.telegram.org/bot8067304564:AAG-18-z5D_A_wyRod7A1WlSTxFVMZZVMB4/sendMessage "HTTP/1.1 200 OK"
2025-05-01 10:58:42,330 - httpx - INFO - HTTP Request: POST https://api.telegram.org/bot8067304564:AAG-18-z5D_A_wyRod7A1WlSTxFVMZZVMB4/getUpdates "HTTP/1.1 200 OK"
2025-05-01 10:58:42,692 - httpx - INFO - HTTP Request: POST https://api.telegram.org/bot8067304564:AAG-18-z5D_A_wyRod7A1WlSTxFVMZZVMB4/sendMessage "HTTP/1.1 200 OK"
2025-05-01 10:58:47,181 - httpx - INFO - HTTP Request: POST https://api.telegram.org/bot8067304564:AAG-18-z5D_A_wyRod7A1WlSTxFVMZZVMB4/getUpdates "HTTP/1.1 200 OK"
2025-05-01 10:58:47,547 - httpx - INFO - HTTP Request: POST https://api.telegram.org/bot8067304564:AAG-18-z5D_A_wyRod7A1WlSTxFVMZZVMB4/sendMessage "HTTP/1.1 200 OK"
2025-05-01 10:58:50,816 - httpx - INFO - HTTP Request: POST https://api.telegram.org/bot8067304564:AAG-18-z5D_A_wyRod7A1WlSTxFVMZZVMB4/getUpdates "HTTP/1.1 200 OK"
2025-05-01 10:58:51,187 - httpx - INFO - HTTP Request: POST https://api.telegram.org/bot8067304564:AAG-18-z5D_A_wyRod7A1WlSTxFVMZZVMB4/sendMessage "HTTP/1.1 200 OK"
2025-05-01 10:58:53,368 - httpx - INFO - HTTP Request: POST https://api.telegram.org/bot8067304564:AAG-18-z5D_A_wyRod7A1WlSTxFVMZZVMB4/getUpdates "HTTP/1.1 200 OK"
2025-05-01 10:58:54,086 - httpx - INFO - HTTP Request: POST https://api.telegram.org/bot8067304564:AAG-18-z5D_A_wyRod7A1WlSTxFVMZZVMB4/sendMessage "HTTP/1.1 200 OK"
2025-05-01 10:58:54,442 - httpx - INFO - HTTP Request: POST https://api.telegram.org/bot8067304564:AAG-18-z5D_A_wyRod7A1WlSTxFVMZZVMB4/sendMessage "HTTP/1.1 200 OK"
2025-05-01 10:59:03,540 - httpx - INFO - HTTP Request: POST https://api.telegram.org/bot8067304564:AAG-18-z5D_A_wyRod7A1WlSTxFVMZZVMB4/getUpdates "HTTP/1.1 200 OK"
2025-05-01 10:59:13,706 - httpx - INFO - HTTP Request: POST https://api.telegram.org/bot8067304564:AAG-18-z5D_A_wyRod7A1WlSTxFVMZZVMB4/getUpdates "HTTP/1.1 200 OK"
2025-05-01 10:59:23,872 - httpx - INFO - HTTP Request: POST https://api.telegram.org/bot8067304564:AAG-18-z5D_A_wyRod7A1WlSTxFVMZZVMB4/getUpdates "HTTP/1.1 200 OK"
2025-05-01 10:59:34,040 - httpx - INFO - HTTP Request: POST https://api.telegram.org/bot8067304564:AAG-18-z5D_A_wyRod7A1WlSTxFVMZZVMB4/getUpdates "HTTP/1.1 200 OK"
2025-05-01 10:59:44,211 - httpx - INFO - HTTP Request: POST https://api.telegram.org/bot8067304564:AAG-18-z5D_A_wyRod7A1WlSTxFVMZZVMB4/getUpdates "HTTP/1.1 200 OK"
2025-05-01 10:59:50,620 - aiohttp.access - INFO - 127.0.0.1 [01/May/2025:10:59:50 +0000] "GET / HTTP/1.1" 404 175 "https://opulent-enigma-pjjvqq457rpw3q7g.github.dev/" "Mozilla/5.0 (Windows NT 10.0; Win64; x64) AppleWebKit/537.36 (KHTML, like Gecko) Chrome/135.0.0.0 Safari/537.36"
2025-05-01 10:59:50,905 - aiohttp.access - INFO - 127.0.0.1 [01/May/2025:10:59:50 +0000] "GET /favicon.ico HTTP/1.1" 404 175 "https://opulent-enigma-pjjvqq457rpw3q7g-8080.app.github.dev/" "Mozilla/5.0 (Windows NT 10.0; Win64; x64) AppleWebKit/537.36 (KHTML, like Gecko) Chrome/135.0.0.0 Safari/537.36"
2025-05-01 10:59:54,376 - httpx - INFO - HTTP Request: POST https://api.telegram.org/bot8067304564:AAG-18-z5D_A_wyRod7A1WlSTxFVMZZVMB4/getUpdates "HTTP/1.1 200 OK"
2025-05-01 11:00:04,542 - httpx - INFO - HTTP Request: POST https://api.telegram.org/bot8067304564:AAG-18-z5D_A_wyRod7A1WlSTxFVMZZVMB4/getUpdates "HTTP/1.1 200 OK"
2025-05-01 11:00:14,708 - httpx - INFO - HTTP Request: POST https://api.telegram.org/bot8067304564:AAG-18-z5D_A_wyRod7A1WlSTxFVMZZVMB4/getUpdates "HTTP/1.1 200 OK"
2025-05-01 11:00:24,803 - httpx - INFO - HTTP Request: POST https://api.telegram.org/bot8067304564:AAG-18-z5D_A_wyRod7A1WlSTxFVMZZVMB4/getUpdates "HTTP/1.1 200 OK"
2025-05-01 11:00:24,804 - __main__ - INFO - /post command received from admin.
2025-05-01 11:00:34,972 - httpx - INFO - HTTP Request: POST https://api.telegram.org/bot8067304564:AAG-18-z5D_A_wyRod7A1WlSTxFVMZZVMB4/getUpdates "HTTP/1.1 200 OK"
2025-05-01 11:00:38,495 - __main__ - ERROR - Error occurred while posting link: 403, message='Forbidden', url='https://bingotingo.com/best-social-media-platforms/'
2025-05-01 11:00:39,254 - httpx - INFO - HTTP Request: POST https://api.telegram.org/bot8067304564:AAG-18-z5D_A_wyRod7A1WlSTxFVMZZVMB4/sendMessage "HTTP/1.1 200 OK"
2025-05-01 11:00:39,962 - httpx - INFO - HTTP Request: POST https://api.telegram.org/bot8067304564:AAG-18-z5D_A_wyRod7A1WlSTxFVMZZVMB4/sendMessage "HTTP/1.1 200 OK"
2025-05-01 11:00:45,139 - httpx - INFO - HTTP Request: POST https://api.telegram.org/bot8067304564:AAG-18-z5D_A_wyRod7A1WlSTxFVMZZVMB4/getUpdates "HTTP/1.1 200 OK"
2025-05-01 11:00:49,780 - httpx - INFO - HTTP Request: POST https://api.telegram.org/bot8067304564:AAG-18-z5D_A_wyRod7A1WlSTxFVMZZVMB4/getUpdates "HTTP/1.1 200 OK"
2025-05-01 11:00:49,781 - __main__ - INFO - /post command received from admin.
2025-05-01 11:00:59,947 - httpx - INFO - HTTP Request: POST https://api.telegram.org/bot8067304564:AAG-18-z5D_A_wyRod7A1WlSTxFVMZZVMB4/getUpdates "HTTP/1.1 200 OK"
2025-05-01 11:01:03,295 - __main__ - ERROR - Error occurred while posting link: 403, message='Forbidden', url='https://bingotingo.com/best-social-media-platforms/'
2025-05-01 11:01:04,013 - httpx - INFO - HTTP Request: POST https://api.telegram.org/bot8067304564:AAG-18-z5D_A_wyRod7A1WlSTxFVMZZVMB4/sendMessage "HTTP/1.1 200 OK"
2025-05-01 11:01:04,755 - httpx - INFO - HTTP Request: POST https://api.telegram.org/bot8067304564:AAG-18-z5D_A_wyRod7A1WlSTxFVMZZVMB4/sendMessage "HTTP/1.1 200 OK"
2025-05-01 11:01:10,113 - httpx - INFO - HTTP Request: POST https://api.telegram.org/bot8067304564:AAG-18-z5D_A_wyRod7A1WlSTxFVMZZVMB4/getUpdates "HTTP/1.1 200 OK"
2025-05-01 11:01:19,734 - httpx - INFO - HTTP Request: POST https://api.telegram.org/bot8067304564:AAG-18-z5D_A_wyRod7A1WlSTxFVMZZVMB4/getUpdates "HTTP/1.1 200 OK"
2025-05-01 11:01:20,510 - httpx - INFO - HTTP Request: POST https://api.telegram.org/bot8067304564:AAG-18-z5D_A_wyRod7A1WlSTxFVMZZVMB4/sendMessage "HTTP/1.1 200 OK"
2025-05-01 11:01:21,197 - httpx - INFO - HTTP Request: POST https://api.telegram.org/bot8067304564:AAG-18-z5D_A_wyRod7A1WlSTxFVMZZVMB4/sendMessage "HTTP/1.1 200 OK"
2025-05-01 11:01:29,901 - httpx - INFO - HTTP Request: POST https://api.telegram.org/bot8067304564:AAG-18-z5D_A_wyRod7A1WlSTxFVMZZVMB4/getUpdates "HTTP/1.1 200 OK"
2025-05-01 11:01:40,068 - httpx - INFO - HTTP Request: POST https://api.telegram.org/bot8067304564:AAG-18-z5D_A_wyRod7A1WlSTxFVMZZVMB4/getUpdates "HTTP/1.1 200 OK"
2025-05-01 11:01:50,235 - httpx - INFO - HTTP Request: POST https://api.telegram.org/bot8067304564:AAG-18-z5D_A_wyRod7A1WlSTxFVMZZVMB4/getUpdates "HTTP/1.1 200 OK"
2025-05-01 11:02:00,404 - httpx - INFO - HTTP Request: POST https://api.telegram.org/bot8067304564:AAG-18-z5D_A_wyRod7A1WlSTxFVMZZVMB4/getUpdates "HTTP/1.1 200 OK"
2025-05-01 11:02:10,571 - httpx - INFO - HTTP Request: POST https://api.telegram.org/bot8067304564:AAG-18-z5D_A_wyRod7A1WlSTxFVMZZVMB4/getUpdates "HTTP/1.1 200 OK"
2025-05-01 11:02:20,740 - httpx - INFO - HTTP Request: POST https://api.telegram.org/bot8067304564:AAG-18-z5D_A_wyRod7A1WlSTxFVMZZVMB4/getUpdates "HTTP/1.1 200 OK"
2025-05-01 11:02:30,907 - httpx - INFO - HTTP Request: POST https://api.telegram.org/bot8067304564:AAG-18-z5D_A_wyRod7A1WlSTxFVMZZVMB4/getUpdates "HTTP/1.1 200 OK"
2025-05-01 11:02:41,074 - httpx - INFO - HTTP Request: POST https://api.telegram.org/bot8067304564:AAG-18-z5D_A_wyRod7A1WlSTxFVMZZVMB4/getUpdates "HTTP/1.1 200 OK"
2025-05-01 11:02:51,240 - httpx - INFO - HTTP Request: POST https://api.telegram.org/bot8067304564:AAG-18-z5D_A_wyRod7A1WlSTxFVMZZVMB4/getUpdates "HTTP/1.1 200 OK"
2025-05-01 11:03:01,409 - httpx - INFO - HTTP Request: POST https://api.telegram.org/bot8067304564:AAG-18-z5D_A_wyRod7A1WlSTxFVMZZVMB4/getUpdates "HTTP/1.1 200 OK"
2025-05-01 11:03:09,982 - httpx - INFO - HTTP Request: POST https://api.telegram.org/bot8067304564:AAG-18-z5D_A_wyRod7A1WlSTxFVMZZVMB4/getUpdates "HTTP/1.1 200 OK"
2025-05-01 11:03:09,983 - __main__ - INFO - /post command received from admin.
2025-05-01 11:03:20,149 - httpx - INFO - HTTP Request: POST https://api.telegram.org/bot8067304564:AAG-18-z5D_A_wyRod7A1WlSTxFVMZZVMB4/getUpdates "HTTP/1.1 200 OK"
2025-05-01 11:03:24,239 - __main__ - ERROR - Error occurred while posting link: 403, message='Forbidden', url='https://bingotingo.com/best-social-media-platforms/'
2025-05-01 11:03:24,968 - httpx - INFO - HTTP Request: POST https://api.telegram.org/bot8067304564:AAG-18-z5D_A_wyRod7A1WlSTxFVMZZVMB4/sendMessage "HTTP/1.1 200 OK"
2025-05-01 11:03:25,667 - httpx - INFO - HTTP Request: POST https://api.telegram.org/bot8067304564:AAG-18-z5D_A_wyRod7A1WlSTxFVMZZVMB4/sendMessage "HTTP/1.1 200 OK"
2025-05-01 11:03:30,317 - httpx - INFO - HTTP Request: POST https://api.telegram.org/bot8067304564:AAG-18-z5D_A_wyRod7A1WlSTxFVMZZVMB4/getUpdates "HTTP/1.1 200 OK"
2025-05-01 11:03:40,486 - httpx - INFO - HTTP Request: POST https://api.telegram.org/bot8067304564:AAG-18-z5D_A_wyRod7A1WlSTxFVMZZVMB4/getUpdates "HTTP/1.1 200 OK"
2025-05-01 11:03:50,653 - httpx - INFO - HTTP Request: POST https://api.telegram.org/bot8067304564:AAG-18-z5D_A_wyRod7A1WlSTxFVMZZVMB4/getUpdates "HTTP/1.1 200 OK"
2025-05-01 11:04:00,823 - httpx - INFO - HTTP Request: POST https://api.telegram.org/bot8067304564:AAG-18-z5D_A_wyRod7A1WlSTxFVMZZVMB4/getUpdates "HTTP/1.1 200 OK"
2025-05-01 11:04:10,989 - httpx - INFO - HTTP Request: POST https://api.telegram.org/bot8067304564:AAG-18-z5D_A_wyRod7A1WlSTxFVMZZVMB4/getUpdates "HTTP/1.1 200 OK"
2025-05-01 11:04:21,155 - httpx - INFO - HTTP Request: POST https://api.telegram.org/bot8067304564:AAG-18-z5D_A_wyRod7A1WlSTxFVMZZVMB4/getUpdates "HTTP/1.1 200 OK"
2025-05-01 11:04:31,322 - httpx - INFO - HTTP Request: POST https://api.telegram.org/bot8067304564:AAG-18-z5D_A_wyRod7A1WlSTxFVMZZVMB4/getUpdates "HTTP/1.1 200 OK"
2025-05-01 11:04:41,489 - httpx - INFO - HTTP Request: POST https://api.telegram.org/bot8067304564:AAG-18-z5D_A_wyRod7A1WlSTxFVMZZVMB4/getUpdates "HTTP/1.1 200 OK"
2025-05-01 11:04:51,656 - httpx - INFO - HTTP Request: POST https://api.telegram.org/bot8067304564:AAG-18-z5D_A_wyRod7A1WlSTxFVMZZVMB4/getUpdates "HTTP/1.1 200 OK"
2025-05-01 11:05:01,822 - httpx - INFO - HTTP Request: POST https://api.telegram.org/bot8067304564:AAG-18-z5D_A_wyRod7A1WlSTxFVMZZVMB4/getUpdates "HTTP/1.1 200 OK"
2025-05-01 11:05:11,989 - httpx - INFO - HTTP Request: POST https://api.telegram.org/bot8067304564:AAG-18-z5D_A_wyRod7A1WlSTxFVMZZVMB4/getUpdates "HTTP/1.1 200 OK"
2025-05-01 11:05:21,115 - __main__ - INFO - Starting bot...
2025-05-01 11:05:21,765 - httpx - INFO - HTTP Request: POST https://api.telegram.org/bot8067304564:AAG-18-z5D_A_wyRod7A1WlSTxFVMZZVMB4/getMe "HTTP/1.1 200 OK"
2025-05-01 11:05:21,766 - telegram.ext.Application - INFO - Application started
2025-05-01 11:05:21,766 - __main__ - INFO - Bot is starting polling...
2025-05-01 11:05:21,942 - httpx - INFO - HTTP Request: POST https://api.telegram.org/bot8067304564:AAG-18-z5D_A_wyRod7A1WlSTxFVMZZVMB4/deleteWebhook "HTTP/1.1 200 OK"
2025-05-01 11:05:29,961 - httpx - INFO - HTTP Request: POST https://api.telegram.org/bot8067304564:AAG-18-z5D_A_wyRod7A1WlSTxFVMZZVMB4/getUpdates "HTTP/1.1 200 OK"
2025-05-01 11:05:29,962 - __main__ - INFO - /start command received from admin.
2025-05-01 11:05:30,681 - httpx - INFO - HTTP Request: POST https://api.telegram.org/bot8067304564:AAG-18-z5D_A_wyRod7A1WlSTxFVMZZVMB4/sendMessage "HTTP/1.1 200 OK"
2025-05-01 11:05:31,888 - httpx - INFO - HTTP Request: POST https://api.telegram.org/bot8067304564:AAG-18-z5D_A_wyRod7A1WlSTxFVMZZVMB4/getUpdates "HTTP/1.1 200 OK"
2025-05-01 11:05:32,274 - httpx - INFO - HTTP Request: POST https://api.telegram.org/bot8067304564:AAG-18-z5D_A_wyRod7A1WlSTxFVMZZVMB4/sendMessage "HTTP/1.1 200 OK"
2025-05-01 11:05:35,273 - httpx - INFO - HTTP Request: POST https://api.telegram.org/bot8067304564:AAG-18-z5D_A_wyRod7A1WlSTxFVMZZVMB4/getUpdates "HTTP/1.1 200 OK"
2025-05-01 11:05:35,955 - httpx - INFO - HTTP Request: POST https://api.telegram.org/bot8067304564:AAG-18-z5D_A_wyRod7A1WlSTxFVMZZVMB4/sendMessage "HTTP/1.1 200 OK"
2025-05-01 11:05:36,321 - httpx - INFO - HTTP Request: POST https://api.telegram.org/bot8067304564:AAG-18-z5D_A_wyRod7A1WlSTxFVMZZVMB4/sendMessage "HTTP/1.1 200 OK"
2025-05-01 11:05:40,997 - httpx - INFO - HTTP Request: POST https://api.telegram.org/bot8067304564:AAG-18-z5D_A_wyRod7A1WlSTxFVMZZVMB4/getUpdates "HTTP/1.1 200 OK"
2025-05-01 11:05:41,390 - httpx - INFO - HTTP Request: POST https://api.telegram.org/bot8067304564:AAG-18-z5D_A_wyRod7A1WlSTxFVMZZVMB4/sendMessage "HTTP/1.1 200 OK"
2025-05-01 11:05:43,958 - httpx - INFO - HTTP Request: POST https://api.telegram.org/bot8067304564:AAG-18-z5D_A_wyRod7A1WlSTxFVMZZVMB4/getUpdates "HTTP/1.1 200 OK"
2025-05-01 11:05:43,959 - __main__ - INFO - /post command received from admin.
2025-05-01 11:05:54,127 - httpx - INFO - HTTP Request: POST https://api.telegram.org/bot8067304564:AAG-18-z5D_A_wyRod7A1WlSTxFVMZZVMB4/getUpdates "HTTP/1.1 200 OK"
2025-05-01 11:05:54,665 - __main__ - ERROR - Error occurred while posting link: 403, message='Forbidden', url='https://bingotingo.com/best-social-media-platforms/'
2025-05-01 11:05:55,373 - httpx - INFO - HTTP Request: POST https://api.telegram.org/bot8067304564:AAG-18-z5D_A_wyRod7A1WlSTxFVMZZVMB4/sendMessage "HTTP/1.1 200 OK"
2025-05-01 11:05:56,081 - httpx - INFO - HTTP Request: POST https://api.telegram.org/bot8067304564:AAG-18-z5D_A_wyRod7A1WlSTxFVMZZVMB4/sendMessage "HTTP/1.1 200 OK"
2025-05-01 11:06:04,296 - httpx - INFO - HTTP Request: POST https://api.telegram.org/bot8067304564:AAG-18-z5D_A_wyRod7A1WlSTxFVMZZVMB4/getUpdates "HTTP/1.1 200 OK"
2025-05-01 11:06:05,318 - httpx - INFO - HTTP Request: POST https://api.telegram.org/bot8067304564:AAG-18-z5D_A_wyRod7A1WlSTxFVMZZVMB4/getUpdates "HTTP/1.1 200 OK"
2025-05-01 11:06:06,117 - httpx - INFO - HTTP Request: POST https://api.telegram.org/bot8067304564:AAG-18-z5D_A_wyRod7A1WlSTxFVMZZVMB4/sendMessage "HTTP/1.1 200 OK"
2025-05-01 11:06:06,912 - httpx - INFO - HTTP Request: POST https://api.telegram.org/bot8067304564:AAG-18-z5D_A_wyRod7A1WlSTxFVMZZVMB4/sendMessage "HTTP/1.1 200 OK"
2025-05-01 11:10:41,649 - __main__ - INFO - Starting bot...
2025-05-01 11:10:42,220 - httpx - INFO - HTTP Request: POST https://api.telegram.org/bot8067304564:AAG-18-z5D_A_wyRod7A1WlSTxFVMZZVMB4/getMe "HTTP/1.1 200 OK"
2025-05-01 11:10:42,221 - telegram.ext.Application - INFO - Application started
2025-05-01 11:10:42,221 - __main__ - INFO - Bot is starting polling...
2025-05-01 11:10:42,403 - httpx - INFO - HTTP Request: POST https://api.telegram.org/bot8067304564:AAG-18-z5D_A_wyRod7A1WlSTxFVMZZVMB4/deleteWebhook "HTTP/1.1 200 OK"
2025-05-01 11:10:42,923 - httpx - INFO - HTTP Request: POST https://api.telegram.org/bot8067304564:AAG-18-z5D_A_wyRod7A1WlSTxFVMZZVMB4/getUpdates "HTTP/1.1 200 OK"
2025-05-01 11:10:48,287 - httpx - INFO - HTTP Request: POST https://api.telegram.org/bot8067304564:AAG-18-z5D_A_wyRod7A1WlSTxFVMZZVMB4/getUpdates "HTTP/1.1 200 OK"
2025-05-01 11:10:48,288 - __main__ - INFO - /start command received from admin.
2025-05-01 11:10:48,989 - httpx - INFO - HTTP Request: POST https://api.telegram.org/bot8067304564:AAG-18-z5D_A_wyRod7A1WlSTxFVMZZVMB4/sendMessage "HTTP/1.1 200 OK"
2025-05-01 11:10:49,965 - httpx - INFO - HTTP Request: POST https://api.telegram.org/bot8067304564:AAG-18-z5D_A_wyRod7A1WlSTxFVMZZVMB4/getUpdates "HTTP/1.1 200 OK"
2025-05-01 11:10:50,378 - httpx - INFO - HTTP Request: POST https://api.telegram.org/bot8067304564:AAG-18-z5D_A_wyRod7A1WlSTxFVMZZVMB4/sendMessage "HTTP/1.1 200 OK"
2025-05-01 11:10:51,975 - httpx - INFO - HTTP Request: POST https://api.telegram.org/bot8067304564:AAG-18-z5D_A_wyRod7A1WlSTxFVMZZVMB4/getUpdates "HTTP/1.1 200 OK"
2025-05-01 11:10:52,332 - httpx - INFO - HTTP Request: POST https://api.telegram.org/bot8067304564:AAG-18-z5D_A_wyRod7A1WlSTxFVMZZVMB4/sendMessage "HTTP/1.1 200 OK"
2025-05-01 11:10:54,093 - httpx - INFO - HTTP Request: POST https://api.telegram.org/bot8067304564:AAG-18-z5D_A_wyRod7A1WlSTxFVMZZVMB4/getUpdates "HTTP/1.1 200 OK"
2025-05-01 11:10:54,097 - __main__ - INFO - /post command received from admin.
2025-05-01 11:11:04,270 - httpx - INFO - HTTP Request: POST https://api.telegram.org/bot8067304564:AAG-18-z5D_A_wyRod7A1WlSTxFVMZZVMB4/getUpdates "HTTP/1.1 200 OK"
2025-05-01 11:11:08,072 - __main__ - ERROR - Scraping with proxy failed: 403, message='Forbidden', url='https://bingotingo.com/best-social-media-platforms/'
2025-05-01 11:11:08,256 - __main__ - ERROR - Error occurred while posting link: 403, message='Forbidden', url='https://bingotingo.com/best-social-media-platforms/'
2025-05-01 11:11:08,976 - httpx - INFO - HTTP Request: POST https://api.telegram.org/bot8067304564:AAG-18-z5D_A_wyRod7A1WlSTxFVMZZVMB4/sendMessage "HTTP/1.1 200 OK"
2025-05-01 11:11:09,685 - httpx - INFO - HTTP Request: POST https://api.telegram.org/bot8067304564:AAG-18-z5D_A_wyRod7A1WlSTxFVMZZVMB4/sendMessage "HTTP/1.1 200 OK"
2025-05-01 11:11:14,446 - httpx - INFO - HTTP Request: POST https://api.telegram.org/bot8067304564:AAG-18-z5D_A_wyRod7A1WlSTxFVMZZVMB4/getUpdates "HTTP/1.1 200 OK"
2025-05-01 11:11:24,625 - httpx - INFO - HTTP Request: POST https://api.telegram.org/bot8067304564:AAG-18-z5D_A_wyRod7A1WlSTxFVMZZVMB4/getUpdates "HTTP/1.1 200 OK"
2025-05-01 11:11:34,803 - httpx - INFO - HTTP Request: POST https://api.telegram.org/bot8067304564:AAG-18-z5D_A_wyRod7A1WlSTxFVMZZVMB4/getUpdates "HTTP/1.1 200 OK"
2025-05-01 11:12:54,777 - __main__ - INFO - Starting bot...
2025-05-01 11:12:55,325 - httpx - INFO - HTTP Request: POST https://api.telegram.org/bot8067304564:AAG-18-z5D_A_wyRod7A1WlSTxFVMZZVMB4/getMe "HTTP/1.1 200 OK"
2025-05-01 11:12:55,326 - telegram.ext.Application - INFO - Application started
2025-05-01 11:12:55,326 - __main__ - INFO - Bot is starting polling...
2025-05-01 11:12:55,501 - httpx - INFO - HTTP Request: POST https://api.telegram.org/bot8067304564:AAG-18-z5D_A_wyRod7A1WlSTxFVMZZVMB4/deleteWebhook "HTTP/1.1 200 OK"
2025-05-01 11:13:01,243 - httpx - INFO - HTTP Request: POST https://api.telegram.org/bot8067304564:AAG-18-z5D_A_wyRod7A1WlSTxFVMZZVMB4/getUpdates "HTTP/1.1 200 OK"
2025-05-01 11:13:01,244 - __main__ - INFO - /start command received from admin.
2025-05-01 11:13:01,972 - httpx - INFO - HTTP Request: POST https://api.telegram.org/bot8067304564:AAG-18-z5D_A_wyRod7A1WlSTxFVMZZVMB4/sendMessage "HTTP/1.1 200 OK"
2025-05-01 11:13:03,206 - httpx - INFO - HTTP Request: POST https://api.telegram.org/bot8067304564:AAG-18-z5D_A_wyRod7A1WlSTxFVMZZVMB4/getUpdates "HTTP/1.1 200 OK"
2025-05-01 11:13:03,654 - httpx - INFO - HTTP Request: POST https://api.telegram.org/bot8067304564:AAG-18-z5D_A_wyRod7A1WlSTxFVMZZVMB4/sendMessage "HTTP/1.1 200 OK"
2025-05-01 11:13:05,540 - httpx - INFO - HTTP Request: POST https://api.telegram.org/bot8067304564:AAG-18-z5D_A_wyRod7A1WlSTxFVMZZVMB4/getUpdates "HTTP/1.1 200 OK"
2025-05-01 11:13:05,918 - httpx - INFO - HTTP Request: POST https://api.telegram.org/bot8067304564:AAG-18-z5D_A_wyRod7A1WlSTxFVMZZVMB4/sendMessage "HTTP/1.1 200 OK"
2025-05-01 11:13:06,632 - httpx - INFO - HTTP Request: POST https://api.telegram.org/bot8067304564:AAG-18-z5D_A_wyRod7A1WlSTxFVMZZVMB4/sendMessage "HTTP/1.1 200 OK"
2025-05-01 11:13:14,331 - __main__ - INFO - Starting bot...
2025-05-01 11:13:14,879 - httpx - INFO - HTTP Request: POST https://api.telegram.org/bot8067304564:AAG-18-z5D_A_wyRod7A1WlSTxFVMZZVMB4/getMe "HTTP/1.1 200 OK"
2025-05-01 11:13:14,880 - telegram.ext.Application - INFO - Application started
2025-05-01 11:13:14,880 - __main__ - INFO - Bot is starting polling...
2025-05-01 11:13:15,055 - httpx - INFO - HTTP Request: POST https://api.telegram.org/bot8067304564:AAG-18-z5D_A_wyRod7A1WlSTxFVMZZVMB4/deleteWebhook "HTTP/1.1 200 OK"
2025-05-01 11:13:18,584 - httpx - INFO - HTTP Request: POST https://api.telegram.org/bot8067304564:AAG-18-z5D_A_wyRod7A1WlSTxFVMZZVMB4/getUpdates "HTTP/1.1 200 OK"
2025-05-01 11:13:18,586 - __main__ - INFO - /post command received from admin.
2025-05-01 11:13:28,755 - httpx - INFO - HTTP Request: POST https://api.telegram.org/bot8067304564:AAG-18-z5D_A_wyRod7A1WlSTxFVMZZVMB4/getUpdates "HTTP/1.1 200 OK"
2025-05-01 11:13:35,075 - httpx - INFO - HTTP Request: POST https://api.telegram.org/bot8067304564:AAG-18-z5D_A_wyRod7A1WlSTxFVMZZVMB4/sendMessage "HTTP/1.1 200 OK"
2025-05-01 11:13:35,781 - httpx - INFO - HTTP Request: POST https://api.telegram.org/bot8067304564:AAG-18-z5D_A_wyRod7A1WlSTxFVMZZVMB4/sendMessage "HTTP/1.1 200 OK"
2025-05-01 11:13:38,925 - httpx - INFO - HTTP Request: POST https://api.telegram.org/bot8067304564:AAG-18-z5D_A_wyRod7A1WlSTxFVMZZVMB4/getUpdates "HTTP/1.1 200 OK"
2025-05-01 11:13:49,093 - httpx - INFO - HTTP Request: POST https://api.telegram.org/bot8067304564:AAG-18-z5D_A_wyRod7A1WlSTxFVMZZVMB4/getUpdates "HTTP/1.1 200 OK"
2025-05-01 11:13:59,262 - httpx - INFO - HTTP Request: POST https://api.telegram.org/bot8067304564:AAG-18-z5D_A_wyRod7A1WlSTxFVMZZVMB4/getUpdates "HTTP/1.1 200 OK"
2025-05-01 11:14:01,659 - httpx - INFO - HTTP Request: POST https://api.telegram.org/bot8067304564:AAG-18-z5D_A_wyRod7A1WlSTxFVMZZVMB4/getUpdates "HTTP/1.1 200 OK"
2025-05-01 11:14:01,660 - __main__ - INFO - /start command received from admin.
2025-05-01 11:14:02,391 - httpx - INFO - HTTP Request: POST https://api.telegram.org/bot8067304564:AAG-18-z5D_A_wyRod7A1WlSTxFVMZZVMB4/sendMessage "HTTP/1.1 200 OK"
2025-05-01 11:14:03,496 - httpx - INFO - HTTP Request: POST https://api.telegram.org/bot8067304564:AAG-18-z5D_A_wyRod7A1WlSTxFVMZZVMB4/getUpdates "HTTP/1.1 200 OK"
2025-05-01 11:14:03,871 - httpx - INFO - HTTP Request: POST https://api.telegram.org/bot8067304564:AAG-18-z5D_A_wyRod7A1WlSTxFVMZZVMB4/sendMessage "HTTP/1.1 200 OK"
2025-05-01 11:14:09,660 - httpx - INFO - HTTP Request: POST https://api.telegram.org/bot8067304564:AAG-18-z5D_A_wyRod7A1WlSTxFVMZZVMB4/getUpdates "HTTP/1.1 200 OK"
2025-05-01 11:14:10,377 - httpx - INFO - HTTP Request: POST https://api.telegram.org/bot8067304564:AAG-18-z5D_A_wyRod7A1WlSTxFVMZZVMB4/sendMessage "HTTP/1.1 200 OK"
2025-05-01 11:14:11,285 - httpx - INFO - HTTP Request: POST https://api.telegram.org/bot8067304564:AAG-18-z5D_A_wyRod7A1WlSTxFVMZZVMB4/getUpdates "HTTP/1.1 200 OK"
2025-05-01 11:14:11,992 - httpx - INFO - HTTP Request: POST https://api.telegram.org/bot8067304564:AAG-18-z5D_A_wyRod7A1WlSTxFVMZZVMB4/sendMessage "HTTP/1.1 200 OK"
2025-05-01 11:14:12,368 - httpx - INFO - HTTP Request: POST https://api.telegram.org/bot8067304564:AAG-18-z5D_A_wyRod7A1WlSTxFVMZZVMB4/sendMessage "HTTP/1.1 200 OK"
2025-05-01 11:14:21,455 - httpx - INFO - HTTP Request: POST https://api.telegram.org/bot8067304564:AAG-18-z5D_A_wyRod7A1WlSTxFVMZZVMB4/getUpdates "HTTP/1.1 200 OK"
2025-05-01 11:14:23,693 - httpx - INFO - HTTP Request: POST https://api.telegram.org/bot8067304564:AAG-18-z5D_A_wyRod7A1WlSTxFVMZZVMB4/getUpdates "HTTP/1.1 200 OK"
2025-05-01 11:14:24,478 - httpx - INFO - HTTP Request: POST https://api.telegram.org/bot8067304564:AAG-18-z5D_A_wyRod7A1WlSTxFVMZZVMB4/sendMessage "HTTP/1.1 200 OK"
2025-05-01 11:14:29,744 - httpx - INFO - HTTP Request: POST https://api.telegram.org/bot8067304564:AAG-18-z5D_A_wyRod7A1WlSTxFVMZZVMB4/getUpdates "HTTP/1.1 200 OK"
2025-05-01 11:14:30,457 - httpx - INFO - HTTP Request: POST https://api.telegram.org/bot8067304564:AAG-18-z5D_A_wyRod7A1WlSTxFVMZZVMB4/sendMessage "HTTP/1.1 200 OK"
2025-05-01 11:14:31,198 - httpx - INFO - HTTP Request: POST https://api.telegram.org/bot8067304564:AAG-18-z5D_A_wyRod7A1WlSTxFVMZZVMB4/sendMessage "HTTP/1.1 200 OK"
2025-05-01 11:14:36,204 - httpx - INFO - HTTP Request: POST https://api.telegram.org/bot8067304564:AAG-18-z5D_A_wyRod7A1WlSTxFVMZZVMB4/getUpdates "HTTP/1.1 200 OK"
2025-05-01 11:14:36,206 - __main__ - INFO - /start command received from admin.
2025-05-01 11:14:36,920 - httpx - INFO - HTTP Request: POST https://api.telegram.org/bot8067304564:AAG-18-z5D_A_wyRod7A1WlSTxFVMZZVMB4/sendMessage "HTTP/1.1 200 OK"
2025-05-01 11:14:38,470 - httpx - INFO - HTTP Request: POST https://api.telegram.org/bot8067304564:AAG-18-z5D_A_wyRod7A1WlSTxFVMZZVMB4/getUpdates "HTTP/1.1 200 OK"
2025-05-01 11:14:38,827 - httpx - INFO - HTTP Request: POST https://api.telegram.org/bot8067304564:AAG-18-z5D_A_wyRod7A1WlSTxFVMZZVMB4/sendMessage "HTTP/1.1 200 OK"
2025-05-01 11:14:48,640 - httpx - INFO - HTTP Request: POST https://api.telegram.org/bot8067304564:AAG-18-z5D_A_wyRod7A1WlSTxFVMZZVMB4/getUpdates "HTTP/1.1 200 OK"
2025-05-01 11:14:58,809 - httpx - INFO - HTTP Request: POST https://api.telegram.org/bot8067304564:AAG-18-z5D_A_wyRod7A1WlSTxFVMZZVMB4/getUpdates "HTTP/1.1 200 OK"
2025-05-01 11:15:08,977 - httpx - INFO - HTTP Request: POST https://api.telegram.org/bot8067304564:AAG-18-z5D_A_wyRod7A1WlSTxFVMZZVMB4/getUpdates "HTTP/1.1 200 OK"
2025-05-01 11:15:19,157 - httpx - INFO - HTTP Request: POST https://api.telegram.org/bot8067304564:AAG-18-z5D_A_wyRod7A1WlSTxFVMZZVMB4/getUpdates "HTTP/1.1 200 OK"
2025-05-01 11:15:29,324 - httpx - INFO - HTTP Request: POST https://api.telegram.org/bot8067304564:AAG-18-z5D_A_wyRod7A1WlSTxFVMZZVMB4/getUpdates "HTTP/1.1 200 OK"
2025-05-01 11:15:39,492 - httpx - INFO - HTTP Request: POST https://api.telegram.org/bot8067304564:AAG-18-z5D_A_wyRod7A1WlSTxFVMZZVMB4/getUpdates "HTTP/1.1 200 OK"
2025-05-01 11:15:49,659 - httpx - INFO - HTTP Request: POST https://api.telegram.org/bot8067304564:AAG-18-z5D_A_wyRod7A1WlSTxFVMZZVMB4/getUpdates "HTTP/1.1 200 OK"
2025-05-01 11:15:59,829 - httpx - INFO - HTTP Request: POST https://api.telegram.org/bot8067304564:AAG-18-z5D_A_wyRod7A1WlSTxFVMZZVMB4/getUpdates "HTTP/1.1 200 OK"
2025-05-01 11:16:09,998 - httpx - INFO - HTTP Request: POST https://api.telegram.org/bot8067304564:AAG-18-z5D_A_wyRod7A1WlSTxFVMZZVMB4/getUpdates "HTTP/1.1 200 OK"
2025-05-01 11:16:20,164 - httpx - INFO - HTTP Request: POST https://api.telegram.org/bot8067304564:AAG-18-z5D_A_wyRod7A1WlSTxFVMZZVMB4/getUpdates "HTTP/1.1 200 OK"
